<?xml version="1.0" encoding="UTF-8"?>
<!-- Generated by org.testng.reporters.JUnitReportReporter -->
<testsuite hostname="LAPTOP-CA3K5PPR" failures="0" tests="1" name="com.automation.TC_01_CreateEmployee" time="29.579" errors="0" timestamp="2019-11-19T18:28:50 IST" skipped="0">
  <testcase classname="com.automation.TC_01_CreateEmployee" name="CreateEmployee" time="29.579"/>
</testsuite> <!-- com.automation.TC_01_CreateEmployee -->
